This file contains any messages produced by compilers while
running configure, to aid debugging if configure makes a mistake.

It was created by titan configure 3.0.0, which was
generated by GNU Autoconf 2.63.  Invocation command line was

  $ /eng/home/haghakha/Downloads/titan-3.0.0/configure --without-gdal CC=mpicc CXX=mpicxx FC=mpif90 CXXFLAGS=-DH5_USE_16_API CFLAGS=-DH5_USE_16_API

## --------- ##
## Platform. ##
## --------- ##

hostname = dinesh.eng.buffalo.edu
uname -m = x86_64
uname -r = 2.6.32-504.8.1.el6.x86_64
uname -s = Linux
uname -v = #1 SMP Wed Jan 28 21:11:36 UTC 2015

/usr/bin/uname -p = unknown
/bin/uname -X     = unknown

/bin/arch              = x86_64
/usr/bin/arch -k       = unknown
/usr/convex/getsysinfo = unknown
/usr/bin/hostinfo      = unknown
/bin/machine           = unknown
/usr/bin/oslevel       = unknown
/bin/universe          = unknown

PATH: /dinesh1/data/users/haghakha/anaconda/bin
PATH: /dinesh1/data/users/haghakha/ParaView-4.2.0/bin
PATH: /eng/home/haghakha/bin
PATH: /usr/local/bin
PATH: /eng/local/bin
PATH: /usr/kerberos/bin
PATH: /util/X11/bin
PATH: /bin
PATH: /usr/bin
PATH: /sbin
PATH: /usr/sbin
PATH: /usr/X11R6/bin
PATH: /usr/lib/jvm/jre/bin
PATH: /util/bin
PATH: .


## ----------- ##
## Core tests. ##
## ----------- ##

configure:1931: checking for a BSD-compatible install
configure:1999: result: /usr/bin/install -c
configure:2010: checking whether build environment is sane
configure:2070: result: yes
configure:2211: checking for a thread-safe mkdir -p
configure:2250: result: /bin/mkdir -p
configure:2263: checking for gawk
configure:2279: found /bin/gawk
configure:2290: result: gawk
configure:2301: checking whether make sets $(MAKE)
configure:2323: result: yes
configure:2530: checking for C++ compiler version
configure:2538: mpicxx --version >&5
c++ (GCC) 4.4.7 20120313 (Red Hat 4.4.7-11)
Copyright (C) 2010 Free Software Foundation, Inc.
This is free software; see the source for copying conditions.  There is NO
warranty; not even for MERCHANTABILITY or FITNESS FOR A PARTICULAR PURPOSE.

configure:2542: $? = 0
configure:2549: mpicxx -v >&5
mpicxx for MPICH2 version 1.4.1p1
Using built-in specs.
Target: x86_64-redhat-linux
Configured with: ../configure --prefix=/usr --mandir=/usr/share/man --infodir=/usr/share/info --with-bugurl=http://bugzilla.redhat.com/bugzilla --enable-bootstrap --enable-shared --enable-threads=posix --enable-checking=release --with-system-zlib --enable-__cxa_atexit --disable-libunwind-exceptions --enable-gnu-unique-object --enable-languages=c,c++,objc,obj-c++,java,fortran,ada --enable-java-awt=gtk --disable-dssi --with-java-home=/usr/lib/jvm/java-1.5.0-gcj-1.5.0.0/jre --enable-libgcj-multifile --enable-java-maintainer-mode --with-ecj-jar=/usr/share/java/eclipse-ecj.jar --disable-libjava-multilib --with-ppl --with-cloog --with-tune=generic --with-arch_32=i686 --build=x86_64-redhat-linux
Thread model: posix
gcc version 4.4.7 20120313 (Red Hat 4.4.7-11) (GCC) 
configure:2553: $? = 0
configure:2560: mpicxx -V >&5
c++: error trying to exec 'x86_64-redhat-linux-gcc--I/dinesh1/data/users/haghakha/anaconda/include': execvp: No such file or directory
configure:2564: $? = 0
configure:2587: checking for C++ compiler default output file name
configure:2609: mpicxx -DH5_USE_16_API   conftest.cpp  >&5
configure:2613: $? = 0
configure:2651: result: a.out
configure:2670: checking whether the C++ compiler works
configure:2680: ./a.out
configure:2684: $? = 0
configure:2703: result: yes
configure:2710: checking whether we are cross compiling
configure:2712: result: no
configure:2715: checking for suffix of executables
configure:2722: mpicxx -o conftest -DH5_USE_16_API   conftest.cpp  >&5
configure:2726: $? = 0
configure:2752: result: 
configure:2758: checking for suffix of object files
configure:2784: mpicxx -c -DH5_USE_16_API  conftest.cpp >&5
configure:2788: $? = 0
configure:2813: result: o
configure:2817: checking whether we are using the GNU C++ compiler
configure:2846: mpicxx -c -DH5_USE_16_API  conftest.cpp >&5
configure:2853: $? = 0
configure:2870: result: yes
configure:2879: checking whether mpicxx accepts -g
configure:2909: mpicxx -c -g  conftest.cpp >&5
configure:2916: $? = 0
configure:3017: result: yes
configure:3051: checking for style of include used by make
configure:3079: result: GNU
configure:3104: checking dependency style of mpicxx
configure:3214: result: gcc3
configure:3277: checking for gcc
configure:3304: result: mpicc
configure:3536: checking for C compiler version
configure:3544: mpicc --version >&5
gcc (GCC) 4.4.7 20120313 (Red Hat 4.4.7-11)
Copyright (C) 2010 Free Software Foundation, Inc.
This is free software; see the source for copying conditions.  There is NO
warranty; not even for MERCHANTABILITY or FITNESS FOR A PARTICULAR PURPOSE.

configure:3548: $? = 0
configure:3555: mpicc -v >&5
mpicc for MPICH2 version 1.4.1p1
Using built-in specs.
Target: x86_64-redhat-linux
Configured with: ../configure --prefix=/usr --mandir=/usr/share/man --infodir=/usr/share/info --with-bugurl=http://bugzilla.redhat.com/bugzilla --enable-bootstrap --enable-shared --enable-threads=posix --enable-checking=release --with-system-zlib --enable-__cxa_atexit --disable-libunwind-exceptions --enable-gnu-unique-object --enable-languages=c,c++,objc,obj-c++,java,fortran,ada --enable-java-awt=gtk --disable-dssi --with-java-home=/usr/lib/jvm/java-1.5.0-gcj-1.5.0.0/jre --enable-libgcj-multifile --enable-java-maintainer-mode --with-ecj-jar=/usr/share/java/eclipse-ecj.jar --disable-libjava-multilib --with-ppl --with-cloog --with-tune=generic --with-arch_32=i686 --build=x86_64-redhat-linux
Thread model: posix
gcc version 4.4.7 20120313 (Red Hat 4.4.7-11) (GCC) 
configure:3559: $? = 0
configure:3566: mpicc -V >&5
gcc: error trying to exec 'x86_64-redhat-linux-gcc--I/dinesh1/data/users/haghakha/anaconda/include': execvp: No such file or directory
configure:3570: $? = 0
configure:3573: checking whether we are using the GNU C compiler
configure:3602: mpicc -c -DH5_USE_16_API  conftest.c >&5
configure:3609: $? = 0
configure:3626: result: yes
configure:3635: checking whether mpicc accepts -g
configure:3665: mpicc -c -g  conftest.c >&5
configure:3672: $? = 0
configure:3773: result: yes
configure:3790: checking for mpicc option to accept ISO C89
configure:3864: mpicc  -c -DH5_USE_16_API  conftest.c >&5
configure:3871: $? = 0
configure:3894: result: none needed
configure:3914: checking dependency style of mpicc
configure:4024: result: gcc3
configure:4092: checking for g77
configure:4122: result: no
configure:4092: checking for xlf
configure:4122: result: no
configure:4092: checking for f77
configure:4122: result: no
configure:4092: checking for frt
configure:4122: result: no
configure:4092: checking for pgf77
configure:4122: result: no
configure:4092: checking for cf77
configure:4122: result: no
configure:4092: checking for fort77
configure:4122: result: no
configure:4092: checking for fl32
configure:4122: result: no
configure:4092: checking for af77
configure:4122: result: no
configure:4092: checking for xlf90
configure:4122: result: no
configure:4092: checking for f90
configure:4122: result: no
configure:4092: checking for pgf90
configure:4122: result: no
configure:4092: checking for pghpf
configure:4122: result: no
configure:4092: checking for epcf90
configure:4122: result: no
configure:4092: checking for gfortran
configure:4108: found /usr/bin/gfortran
configure:4119: result: gfortran
configure:4145: checking for Fortran 77 compiler version
configure:4153: gfortran --version >&5
GNU Fortran (GCC) 4.4.7 20120313 (Red Hat 4.4.7-11)
Copyright (C) 2010 Free Software Foundation, Inc.

GNU Fortran comes with NO WARRANTY, to the extent permitted by law.
You may redistribute copies of GNU Fortran
under the terms of the GNU General Public License.
For more information about these matters, see the file named COPYING

configure:4157: $? = 0
configure:4164: gfortran -v >&5
Using built-in specs.
Target: x86_64-redhat-linux
Configured with: ../configure --prefix=/usr --mandir=/usr/share/man --infodir=/usr/share/info --with-bugurl=http://bugzilla.redhat.com/bugzilla --enable-bootstrap --enable-shared --enable-threads=posix --enable-checking=release --with-system-zlib --enable-__cxa_atexit --disable-libunwind-exceptions --enable-gnu-unique-object --enable-languages=c,c++,objc,obj-c++,java,fortran,ada --enable-java-awt=gtk --disable-dssi --with-java-home=/usr/lib/jvm/java-1.5.0-gcj-1.5.0.0/jre --enable-libgcj-multifile --enable-java-maintainer-mode --with-ecj-jar=/usr/share/java/eclipse-ecj.jar --disable-libjava-multilib --with-ppl --with-cloog --with-tune=generic --with-arch_32=i686 --build=x86_64-redhat-linux
Thread model: posix
gcc version 4.4.7 20120313 (Red Hat 4.4.7-11) (GCC) 
configure:4168: $? = 0
configure:4175: gfortran -V >&5
gfortran: '-V' option must have argument
configure:4179: $? = 1
configure:4187: checking whether we are using the GNU Fortran 77 compiler
configure:4206: gfortran -c  conftest.F >&5
configure:4213: $? = 0
configure:4230: result: yes
configure:4236: checking whether gfortran accepts -g
configure:4253: gfortran -c -g conftest.f >&5
configure:4260: $? = 0
configure:4276: result: yes
configure:4310: checking how to run the C preprocessor
configure:4350: mpicc -E  conftest.c
configure:4357: $? = 0
configure:4388: mpicc -E  conftest.c
conftest.c:10:28: error: ac_nonexistent.h: No such file or directory
configure:4395: $? = 1
configure: failed program was:
| /* confdefs.h.  */
| #define PACKAGE_NAME "titan"
| #define PACKAGE_TARNAME "titan"
| #define PACKAGE_VERSION "3.0.0"
| #define PACKAGE_STRING "titan 3.0.0"
| #define PACKAGE_BUGREPORT ""
| #define PACKAGE "titan"
| #define VERSION "3.0.0"
| /* end confdefs.h.  */
| #include <ac_nonexistent.h>
configure:4428: result: mpicc -E
configure:4457: mpicc -E  conftest.c
configure:4464: $? = 0
configure:4495: mpicc -E  conftest.c
conftest.c:10:28: error: ac_nonexistent.h: No such file or directory
configure:4502: $? = 1
configure: failed program was:
| /* confdefs.h.  */
| #define PACKAGE_NAME "titan"
| #define PACKAGE_TARNAME "titan"
| #define PACKAGE_VERSION "3.0.0"
| #define PACKAGE_STRING "titan 3.0.0"
| #define PACKAGE_BUGREPORT ""
| #define PACKAGE "titan"
| #define VERSION "3.0.0"
| /* end confdefs.h.  */
| #include <ac_nonexistent.h>
configure:4555: checking for a BSD-compatible install
configure:4623: result: /usr/bin/install -c
configure:4634: checking whether ln -s works
configure:4638: result: yes
configure:4645: checking whether make sets $(MAKE)
configure:4667: result: yes
configure:4719: checking for ranlib
configure:4735: found /usr/bin/ranlib
configure:4746: result: ranlib
configure:4773: checking how to get verbose linking output from gfortran
configure:4789: gfortran -c -g -O2 conftest.f >&5
configure:4796: $? = 0
configure:4818: gfortran -o conftest -g -O2 -v conftest.f
Using built-in specs.
Target: x86_64-redhat-linux
Configured with: ../configure --prefix=/usr --mandir=/usr/share/man --infodir=/usr/share/info --with-bugurl=http://bugzilla.redhat.com/bugzilla --enable-bootstrap --enable-shared --enable-threads=posix --enable-checking=release --with-system-zlib --enable-__cxa_atexit --disable-libunwind-exceptions --enable-gnu-unique-object --enable-languages=c,c++,objc,obj-c++,java,fortran,ada --enable-java-awt=gtk --disable-dssi --with-java-home=/usr/lib/jvm/java-1.5.0-gcj-1.5.0.0/jre --enable-libgcj-multifile --enable-java-maintainer-mode --with-ecj-jar=/usr/share/java/eclipse-ecj.jar --disable-libjava-multilib --with-ppl --with-cloog --with-tune=generic --with-arch_32=i686 --build=x86_64-redhat-linux
Thread model: posix
gcc version 4.4.7 20120313 (Red Hat 4.4.7-11) (GCC) 
 /usr/libexec/gcc/x86_64-redhat-linux/4.4.7/f951 conftest.f -ffixed-form -quiet -dumpbase conftest.f -mtune=generic -auxbase conftest -g -O2 -version -fintrinsic-modules-path /usr/lib/gcc/x86_64-redhat-linux/4.4.7/finclude -o /tmp/ccNXer7F.s
GNU Fortran (GCC) version 4.4.7 20120313 (Red Hat 4.4.7-11) (x86_64-redhat-linux)
	compiled by GNU C version 4.4.7 20120313 (Red Hat 4.4.7-11), GMP version 4.3.1, MPFR version 2.4.1.
GGC heuristics: --param ggc-min-expand=100 --param ggc-min-heapsize=131072
 as -V -Qy -o /tmp/ccmEOqCw.o /tmp/ccNXer7F.s
GNU assembler version 2.20.51.0.2 (x86_64-redhat-linux) using BFD version version 2.20.51.0.2-5.42.el6 20100205
 /usr/libexec/gcc/x86_64-redhat-linux/4.4.7/collect2 --eh-frame-hdr --build-id -m elf_x86_64 --hash-style=gnu -dynamic-linker /lib64/ld-linux-x86-64.so.2 -o conftest /usr/lib/gcc/x86_64-redhat-linux/4.4.7/../../../../lib64/crt1.o /usr/lib/gcc/x86_64-redhat-linux/4.4.7/../../../../lib64/crti.o /usr/lib/gcc/x86_64-redhat-linux/4.4.7/crtbegin.o -L/usr/lib/gcc/x86_64-redhat-linux/4.4.7 -L/usr/lib/gcc/x86_64-redhat-linux/4.4.7 -L/usr/lib/gcc/x86_64-redhat-linux/4.4.7/../../../../lib64 -L/lib/../lib64 -L/usr/lib/../lib64 -L/usr/lib/gcc/x86_64-redhat-linux/4.4.7/../../.. /tmp/ccmEOqCw.o -lgfortranbegin -lgfortran -lm -lgcc_s -lgcc -lc -lgcc_s -lgcc /usr/lib/gcc/x86_64-redhat-linux/4.4.7/crtend.o /usr/lib/gcc/x86_64-redhat-linux/4.4.7/../../../../lib64/crtn.o
configure:4887: result: -v
configure:4889: checking for Fortran 77 libraries of gfortran
configure:4912: gfortran -o conftest -g -O2 -v conftest.f
Using built-in specs.
Target: x86_64-redhat-linux
Configured with: ../configure --prefix=/usr --mandir=/usr/share/man --infodir=/usr/share/info --with-bugurl=http://bugzilla.redhat.com/bugzilla --enable-bootstrap --enable-shared --enable-threads=posix --enable-checking=release --with-system-zlib --enable-__cxa_atexit --disable-libunwind-exceptions --enable-gnu-unique-object --enable-languages=c,c++,objc,obj-c++,java,fortran,ada --enable-java-awt=gtk --disable-dssi --with-java-home=/usr/lib/jvm/java-1.5.0-gcj-1.5.0.0/jre --enable-libgcj-multifile --enable-java-maintainer-mode --with-ecj-jar=/usr/share/java/eclipse-ecj.jar --disable-libjava-multilib --with-ppl --with-cloog --with-tune=generic --with-arch_32=i686 --build=x86_64-redhat-linux
Thread model: posix
gcc version 4.4.7 20120313 (Red Hat 4.4.7-11) (GCC) 
 /usr/libexec/gcc/x86_64-redhat-linux/4.4.7/f951 conftest.f -ffixed-form -quiet -dumpbase conftest.f -mtune=generic -auxbase conftest -g -O2 -version -fintrinsic-modules-path /usr/lib/gcc/x86_64-redhat-linux/4.4.7/finclude -o /tmp/cc52muCN.s
GNU Fortran (GCC) version 4.4.7 20120313 (Red Hat 4.4.7-11) (x86_64-redhat-linux)
	compiled by GNU C version 4.4.7 20120313 (Red Hat 4.4.7-11), GMP version 4.3.1, MPFR version 2.4.1.
GGC heuristics: --param ggc-min-expand=100 --param ggc-min-heapsize=131072
 as -V -Qy -o /tmp/ccBPdIwE.o /tmp/cc52muCN.s
GNU assembler version 2.20.51.0.2 (x86_64-redhat-linux) using BFD version version 2.20.51.0.2-5.42.el6 20100205
 /usr/libexec/gcc/x86_64-redhat-linux/4.4.7/collect2 --eh-frame-hdr --build-id -m elf_x86_64 --hash-style=gnu -dynamic-linker /lib64/ld-linux-x86-64.so.2 -o conftest /usr/lib/gcc/x86_64-redhat-linux/4.4.7/../../../../lib64/crt1.o /usr/lib/gcc/x86_64-redhat-linux/4.4.7/../../../../lib64/crti.o /usr/lib/gcc/x86_64-redhat-linux/4.4.7/crtbegin.o -L/usr/lib/gcc/x86_64-redhat-linux/4.4.7 -L/usr/lib/gcc/x86_64-redhat-linux/4.4.7 -L/usr/lib/gcc/x86_64-redhat-linux/4.4.7/../../../../lib64 -L/lib/../lib64 -L/usr/lib/../lib64 -L/usr/lib/gcc/x86_64-redhat-linux/4.4.7/../../.. /tmp/ccBPdIwE.o -lgfortranbegin -lgfortran -lm -lgcc_s -lgcc -lc -lgcc_s -lgcc /usr/lib/gcc/x86_64-redhat-linux/4.4.7/crtend.o /usr/lib/gcc/x86_64-redhat-linux/4.4.7/../../../../lib64/crtn.o
configure:5089: result:  -L/usr/lib/gcc/x86_64-redhat-linux/4.4.7 -L/usr/lib/gcc/x86_64-redhat-linux/4.4.7/../../../../lib64 -L/lib/../lib64 -L/usr/lib/../lib64 -L/usr/lib/gcc/x86_64-redhat-linux/4.4.7/../../.. -lgfortranbegin -lgfortran -lm
configure:5108: checking for special C compiler options needed for large files
configure:5203: result: no
configure:5209: checking for _FILE_OFFSET_BITS value needed for large files
configure:5244: mpicxx -c -DH5_USE_16_API  conftest.cpp >&5
configure:5251: $? = 0
configure:5320: result: no
configure:5466: checking build system type
configure:5484: result: x86_64-unknown-linux-gnu
configure:5506: checking host system type
configure:5521: result: x86_64-unknown-linux-gnu
configure:5563: checking for pthread_create in -lpthread
configure:5598: mpicxx -o conftest -DH5_USE_16_API -w -g -O2 -DMPICH_IGNORE_CXX_SEEK   conftest.cpp -lpthread   >&5
configure:5605: $? = 0
configure:5626: result: yes
configure:5671: checking for gzread in -lz
configure:5706: mpicxx -o conftest -DH5_USE_16_API -w -g -O2 -DMPICH_IGNORE_CXX_SEEK     conftest.cpp -lz  -lpthread  >&5
configure:5713: $? = 0
configure:5734: result: yes
configure:5757: checking for H5open in -lhdf5
configure:5792: mpicxx -o conftest -DH5_USE_16_API -w -g -O2 -DMPICH_IGNORE_CXX_SEEK     conftest.cpp -lhdf5  -lz -lpthread  >&5
configure:5799: $? = 0
configure:5820: result: yes
configure:5867: checking for G_gisinit in -lgis
configure:5902: mpicxx -o conftest -DH5_USE_16_API -w -g -O2 -DMPICH_IGNORE_CXX_SEEK     conftest.cpp -lgis  -lhdf5 -lz -lpthread  >&5
/usr/bin/ld: cannot find -lgis
collect2: ld returned 1 exit status
configure:5909: $? = 1
configure: failed program was:
| /* confdefs.h.  */
| #define PACKAGE_NAME "titan"
| #define PACKAGE_TARNAME "titan"
| #define PACKAGE_VERSION "3.0.0"
| #define PACKAGE_STRING "titan 3.0.0"
| #define PACKAGE_BUGREPORT ""
| #define PACKAGE "titan"
| #define VERSION "3.0.0"
| #define HAVE_LIBPTHREAD 1
| #define HAVE_LIBZ 1
| #define HAVE_LIBHDF5 1
| /* end confdefs.h.  */
| 
| /* Override any GCC internal prototype to avoid an error.
|    Use char because int might match the return type of a GCC
|    builtin and then its argument prototype would still apply.  */
| #ifdef __cplusplus
| extern "C"
| #endif
| char G_gisinit ();
| int
| main ()
| {
| return G_gisinit ();
|   ;
|   return 0;
| }
configure:5930: result: no
configure:5962: checking for gdal-config
configure:5990: result: no
configure:7086: checking for GDAL availability
configure:7102: result: no
configure:7115: checking for matherr in -lm
configure:7150: mpicxx -o conftest -DH5_USE_16_API -w -g -O2 -DMPICH_IGNORE_CXX_SEEK     conftest.cpp -lm  -lhdf5 -lz -lpthread  >&5
configure:7157: $? = 0
configure:7178: result: yes
configure:7190: checking for inet_ntoa in -lnsl
configure:7225: mpicxx -o conftest -DH5_USE_16_API -w -g -O2 -DMPICH_IGNORE_CXX_SEEK     conftest.cpp -lnsl  -lm -lhdf5 -lz -lpthread  >&5
configure:7232: $? = 0
configure:7253: result: yes
configure:7267: checking for ANSI C header files
configure:7297: mpicxx -c -DH5_USE_16_API -w -g -O2 -DMPICH_IGNORE_CXX_SEEK   conftest.cpp >&5
configure:7304: $? = 0
/eng/home/haghakha/Downloads/titan-3.0.0/configure: line 7330: ./conftest.cpp: Permission denied
configure:7435: result: no
configure:7466: checking limits.h usability
configure:7483: mpicxx -c -DH5_USE_16_API -w -g -O2 -DMPICH_IGNORE_CXX_SEEK   conftest.cpp >&5
configure:7490: $? = 0
configure:7504: result: yes
configure:7508: checking limits.h presence
configure:7523:    conftest.cpp
/eng/home/haghakha/Downloads/titan-3.0.0/configure: line 7525: ./conftest.cpp: Permission denied
configure:7530: $? = 126
configure: failed program was:
| /* confdefs.h.  */
| #define PACKAGE_NAME "titan"
| #define PACKAGE_TARNAME "titan"
| #define PACKAGE_VERSION "3.0.0"
| #define PACKAGE_STRING "titan 3.0.0"
| #define PACKAGE_BUGREPORT ""
| #define PACKAGE "titan"
| #define VERSION "3.0.0"
| #define HAVE_LIBPTHREAD 1
| #define HAVE_LIBZ 1
| #define HAVE_LIBHDF5 1
| #define HAVE_GDAL 0
| #define HAVE_LIBM 1
| #define HAVE_LIBNSL 1
| /* end confdefs.h.  */
| #include <limits.h>
configure:7544: result: no
configure:7550: WARNING: limits.h: accepted by the compiler, rejected by the preprocessor!
configure:7552: WARNING: limits.h: proceeding with the compiler's result
configure:7572: checking for limits.h
configure:7581: result: yes
configure:7466: checking malloc.h usability
configure:7483: mpicxx -c -DH5_USE_16_API -w -g -O2 -DMPICH_IGNORE_CXX_SEEK   conftest.cpp >&5
configure:7490: $? = 0
configure:7504: result: yes
configure:7508: checking malloc.h presence
configure:7523:    conftest.cpp
/eng/home/haghakha/Downloads/titan-3.0.0/configure: line 7525: ./conftest.cpp: Permission denied
configure:7530: $? = 126
configure: failed program was:
| /* confdefs.h.  */
| #define PACKAGE_NAME "titan"
| #define PACKAGE_TARNAME "titan"
| #define PACKAGE_VERSION "3.0.0"
| #define PACKAGE_STRING "titan 3.0.0"
| #define PACKAGE_BUGREPORT ""
| #define PACKAGE "titan"
| #define VERSION "3.0.0"
| #define HAVE_LIBPTHREAD 1
| #define HAVE_LIBZ 1
| #define HAVE_LIBHDF5 1
| #define HAVE_GDAL 0
| #define HAVE_LIBM 1
| #define HAVE_LIBNSL 1
| #define HAVE_LIMITS_H 1
| /* end confdefs.h.  */
| #include <malloc.h>
configure:7544: result: no
configure:7550: WARNING: malloc.h: accepted by the compiler, rejected by the preprocessor!
configure:7552: WARNING: malloc.h: proceeding with the compiler's result
configure:7572: checking for malloc.h
configure:7581: result: yes
configure:7466: checking stdlib.h usability
configure:7483: mpicxx -c -DH5_USE_16_API -w -g -O2 -DMPICH_IGNORE_CXX_SEEK   conftest.cpp >&5
configure:7490: $? = 0
configure:7504: result: yes
configure:7508: checking stdlib.h presence
configure:7523:    conftest.cpp
/eng/home/haghakha/Downloads/titan-3.0.0/configure: line 7525: ./conftest.cpp: Permission denied
configure:7530: $? = 126
configure: failed program was:
| /* confdefs.h.  */
| #define PACKAGE_NAME "titan"
| #define PACKAGE_TARNAME "titan"
| #define PACKAGE_VERSION "3.0.0"
| #define PACKAGE_STRING "titan 3.0.0"
| #define PACKAGE_BUGREPORT ""
| #define PACKAGE "titan"
| #define VERSION "3.0.0"
| #define HAVE_LIBPTHREAD 1
| #define HAVE_LIBZ 1
| #define HAVE_LIBHDF5 1
| #define HAVE_GDAL 0
| #define HAVE_LIBM 1
| #define HAVE_LIBNSL 1
| #define HAVE_LIMITS_H 1
| #define HAVE_MALLOC_H 1
| /* end confdefs.h.  */
| #include <stdlib.h>
configure:7544: result: no
configure:7550: WARNING: stdlib.h: accepted by the compiler, rejected by the preprocessor!
configure:7552: WARNING: stdlib.h: proceeding with the compiler's result
configure:7572: checking for stdlib.h
configure:7581: result: yes
configure:7466: checking string.h usability
configure:7483: mpicxx -c -DH5_USE_16_API -w -g -O2 -DMPICH_IGNORE_CXX_SEEK   conftest.cpp >&5
configure:7490: $? = 0
configure:7504: result: yes
configure:7508: checking string.h presence
configure:7523:    conftest.cpp
/eng/home/haghakha/Downloads/titan-3.0.0/configure: line 7525: ./conftest.cpp: Permission denied
configure:7530: $? = 126
configure: failed program was:
| /* confdefs.h.  */
| #define PACKAGE_NAME "titan"
| #define PACKAGE_TARNAME "titan"
| #define PACKAGE_VERSION "3.0.0"
| #define PACKAGE_STRING "titan 3.0.0"
| #define PACKAGE_BUGREPORT ""
| #define PACKAGE "titan"
| #define VERSION "3.0.0"
| #define HAVE_LIBPTHREAD 1
| #define HAVE_LIBZ 1
| #define HAVE_LIBHDF5 1
| #define HAVE_GDAL 0
| #define HAVE_LIBM 1
| #define HAVE_LIBNSL 1
| #define HAVE_LIMITS_H 1
| #define HAVE_MALLOC_H 1
| #define HAVE_STDLIB_H 1
| /* end confdefs.h.  */
| #include <string.h>
configure:7544: result: no
configure:7550: WARNING: string.h: accepted by the compiler, rejected by the preprocessor!
configure:7552: WARNING: string.h: proceeding with the compiler's result
configure:7572: checking for string.h
configure:7581: result: yes
configure:7466: checking mpi.h usability
configure:7483: mpicxx -c -DH5_USE_16_API -w -g -O2 -DMPICH_IGNORE_CXX_SEEK   conftest.cpp >&5
configure:7490: $? = 0
configure:7504: result: yes
configure:7508: checking mpi.h presence
configure:7523:    conftest.cpp
/eng/home/haghakha/Downloads/titan-3.0.0/configure: line 7525: ./conftest.cpp: Permission denied
configure:7530: $? = 126
configure: failed program was:
| /* confdefs.h.  */
| #define PACKAGE_NAME "titan"
| #define PACKAGE_TARNAME "titan"
| #define PACKAGE_VERSION "3.0.0"
| #define PACKAGE_STRING "titan 3.0.0"
| #define PACKAGE_BUGREPORT ""
| #define PACKAGE "titan"
| #define VERSION "3.0.0"
| #define HAVE_LIBPTHREAD 1
| #define HAVE_LIBZ 1
| #define HAVE_LIBHDF5 1
| #define HAVE_GDAL 0
| #define HAVE_LIBM 1
| #define HAVE_LIBNSL 1
| #define HAVE_LIMITS_H 1
| #define HAVE_MALLOC_H 1
| #define HAVE_STDLIB_H 1
| #define HAVE_STRING_H 1
| /* end confdefs.h.  */
| #include <mpi.h>
configure:7544: result: no
configure:7550: WARNING: mpi.h: accepted by the compiler, rejected by the preprocessor!
configure:7552: WARNING: mpi.h: proceeding with the compiler's result
configure:7572: checking for mpi.h
configure:7581: result: yes
configure:7466: checking hdf5.h usability
configure:7483: mpicxx -c -DH5_USE_16_API -w -g -O2 -DMPICH_IGNORE_CXX_SEEK   conftest.cpp >&5
configure:7490: $? = 0
configure:7504: result: yes
configure:7508: checking hdf5.h presence
configure:7523:    conftest.cpp
/eng/home/haghakha/Downloads/titan-3.0.0/configure: line 7525: ./conftest.cpp: Permission denied
configure:7530: $? = 126
configure: failed program was:
| /* confdefs.h.  */
| #define PACKAGE_NAME "titan"
| #define PACKAGE_TARNAME "titan"
| #define PACKAGE_VERSION "3.0.0"
| #define PACKAGE_STRING "titan 3.0.0"
| #define PACKAGE_BUGREPORT ""
| #define PACKAGE "titan"
| #define VERSION "3.0.0"
| #define HAVE_LIBPTHREAD 1
| #define HAVE_LIBZ 1
| #define HAVE_LIBHDF5 1
| #define HAVE_GDAL 0
| #define HAVE_LIBM 1
| #define HAVE_LIBNSL 1
| #define HAVE_LIMITS_H 1
| #define HAVE_MALLOC_H 1
| #define HAVE_STDLIB_H 1
| #define HAVE_STRING_H 1
| #define HAVE_MPI_H 1
| /* end confdefs.h.  */
| #include <hdf5.h>
configure:7544: result: no
configure:7550: WARNING: hdf5.h: accepted by the compiler, rejected by the preprocessor!
configure:7552: WARNING: hdf5.h: proceeding with the compiler's result
configure:7572: checking for hdf5.h
configure:7581: result: yes
configure:7598: checking for stdbool.h that conforms to C99
configure:7693: mpicxx -c -DH5_USE_16_API -w -g -O2 -DMPICH_IGNORE_CXX_SEEK   conftest.cpp >&5
configure:7700: $? = 0
configure:7715: result: yes
configure:7717: checking for _Bool
configure:7745: mpicxx -c -DH5_USE_16_API -w -g -O2 -DMPICH_IGNORE_CXX_SEEK   conftest.cpp >&5
conftest.cpp: In function 'int main()':
conftest.cpp:58: error: '_Bool' was not declared in this scope
configure:7752: $? = 1
configure: failed program was:
| /* confdefs.h.  */
| #define PACKAGE_NAME "titan"
| #define PACKAGE_TARNAME "titan"
| #define PACKAGE_VERSION "3.0.0"
| #define PACKAGE_STRING "titan 3.0.0"
| #define PACKAGE_BUGREPORT ""
| #define PACKAGE "titan"
| #define VERSION "3.0.0"
| #define HAVE_LIBPTHREAD 1
| #define HAVE_LIBZ 1
| #define HAVE_LIBHDF5 1
| #define HAVE_GDAL 0
| #define HAVE_LIBM 1
| #define HAVE_LIBNSL 1
| #define HAVE_LIMITS_H 1
| #define HAVE_MALLOC_H 1
| #define HAVE_STDLIB_H 1
| #define HAVE_STRING_H 1
| #define HAVE_MPI_H 1
| #define HAVE_HDF5_H 1
| /* end confdefs.h.  */
| #include <stdio.h>
| #ifdef HAVE_SYS_TYPES_H
| # include <sys/types.h>
| #endif
| #ifdef HAVE_SYS_STAT_H
| # include <sys/stat.h>
| #endif
| #ifdef STDC_HEADERS
| # include <stdlib.h>
| # include <stddef.h>
| #else
| # ifdef HAVE_STDLIB_H
| #  include <stdlib.h>
| # endif
| #endif
| #ifdef HAVE_STRING_H
| # if !defined STDC_HEADERS && defined HAVE_MEMORY_H
| #  include <memory.h>
| # endif
| # include <string.h>
| #endif
| #ifdef HAVE_STRINGS_H
| # include <strings.h>
| #endif
| #ifdef HAVE_INTTYPES_H
| # include <inttypes.h>
| #endif
| #ifdef HAVE_STDINT_H
| # include <stdint.h>
| #endif
| #ifdef HAVE_UNISTD_H
| # include <unistd.h>
| #endif
| int
| main ()
| {
| if (sizeof (_Bool))
|        return 0;
|   ;
|   return 0;
| }
configure:7809: result: no
configure:7828: checking for an ANSI C-conforming const
configure:7903: mpicxx -c -DH5_USE_16_API -w -g -O2 -DMPICH_IGNORE_CXX_SEEK   conftest.cpp >&5
configure:7910: $? = 0
configure:7925: result: yes
configure:7935: checking for inline
configure:7961: mpicxx -c -DH5_USE_16_API -w -g -O2 -DMPICH_IGNORE_CXX_SEEK   conftest.cpp >&5
configure:7968: $? = 0
configure:7986: result: inline
configure:8005: checking for size_t
configure:8033: mpicxx -c -DH5_USE_16_API -w -g -O2 -DMPICH_IGNORE_CXX_SEEK   conftest.cpp >&5
configure:8040: $? = 0
configure:8067: mpicxx -c -DH5_USE_16_API -w -g -O2 -DMPICH_IGNORE_CXX_SEEK   conftest.cpp >&5
conftest.cpp: In function 'int main()':
conftest.cpp:59: error: expected primary-expression before ')' token
configure:8074: $? = 1
configure: failed program was:
| /* confdefs.h.  */
| #define PACKAGE_NAME "titan"
| #define PACKAGE_TARNAME "titan"
| #define PACKAGE_VERSION "3.0.0"
| #define PACKAGE_STRING "titan 3.0.0"
| #define PACKAGE_BUGREPORT ""
| #define PACKAGE "titan"
| #define VERSION "3.0.0"
| #define HAVE_LIBPTHREAD 1
| #define HAVE_LIBZ 1
| #define HAVE_LIBHDF5 1
| #define HAVE_GDAL 0
| #define HAVE_LIBM 1
| #define HAVE_LIBNSL 1
| #define HAVE_LIMITS_H 1
| #define HAVE_MALLOC_H 1
| #define HAVE_STDLIB_H 1
| #define HAVE_STRING_H 1
| #define HAVE_MPI_H 1
| #define HAVE_HDF5_H 1
| #define HAVE_STDBOOL_H 1
| /* end confdefs.h.  */
| #include <stdio.h>
| #ifdef HAVE_SYS_TYPES_H
| # include <sys/types.h>
| #endif
| #ifdef HAVE_SYS_STAT_H
| # include <sys/stat.h>
| #endif
| #ifdef STDC_HEADERS
| # include <stdlib.h>
| # include <stddef.h>
| #else
| # ifdef HAVE_STDLIB_H
| #  include <stdlib.h>
| # endif
| #endif
| #ifdef HAVE_STRING_H
| # if !defined STDC_HEADERS && defined HAVE_MEMORY_H
| #  include <memory.h>
| # endif
| # include <string.h>
| #endif
| #ifdef HAVE_STRINGS_H
| # include <strings.h>
| #endif
| #ifdef HAVE_INTTYPES_H
| # include <inttypes.h>
| #endif
| #ifdef HAVE_STDINT_H
| # include <stdint.h>
| #endif
| #ifdef HAVE_UNISTD_H
| # include <unistd.h>
| #endif
| int
| main ()
| {
| if (sizeof ((size_t)))
| 	  return 0;
|   ;
|   return 0;
| }
configure:8097: result: yes
configure:8112: checking whether sys/types.h defines makedev
configure:8138: mpicxx -o conftest -DH5_USE_16_API -w -g -O2 -DMPICH_IGNORE_CXX_SEEK     conftest.cpp -lnsl -lm -lhdf5 -lz -lpthread  >&5
configure:8145: $? = 0
configure:8166: result: yes
configure:8455: checking for floor
configure:8511: mpicxx -o conftest -DH5_USE_16_API -w -g -O2 -DMPICH_IGNORE_CXX_SEEK     conftest.cpp -lnsl -lm -lhdf5 -lz -lpthread  >&5
configure:8518: $? = 0
configure:8540: result: yes
configure:8455: checking for pow
configure:8511: mpicxx -o conftest -DH5_USE_16_API -w -g -O2 -DMPICH_IGNORE_CXX_SEEK     conftest.cpp -lnsl -lm -lhdf5 -lz -lpthread  >&5
configure:8518: $? = 0
configure:8540: result: yes
configure:8455: checking for sqrt
configure:8511: mpicxx -o conftest -DH5_USE_16_API -w -g -O2 -DMPICH_IGNORE_CXX_SEEK     conftest.cpp -lnsl -lm -lhdf5 -lz -lpthread  >&5
configure:8518: $? = 0
configure:8540: result: yes
configure:8455: checking for strchr
configure:8511: mpicxx -o conftest -DH5_USE_16_API -w -g -O2 -DMPICH_IGNORE_CXX_SEEK     conftest.cpp -lnsl -lm -lhdf5 -lz -lpthread  >&5
configure:8518: $? = 0
configure:8540: result: yes
configure:8455: checking for strdup
configure:8511: mpicxx -o conftest -DH5_USE_16_API -w -g -O2 -DMPICH_IGNORE_CXX_SEEK     conftest.cpp -lnsl -lm -lhdf5 -lz -lpthread  >&5
configure:8518: $? = 0
configure:8540: result: yes
configure:8700: creating ./config.status

## ---------------------- ##
## Running config.status. ##
## ---------------------- ##

This file was extended by titan config.status 3.0.0, which was
generated by GNU Autoconf 2.63.  Invocation command line was

  CONFIG_FILES    = 
  CONFIG_HEADERS  = 
  CONFIG_LINKS    = 
  CONFIG_COMMANDS = 
  $ ./config.status 

on dinesh.eng.buffalo.edu

config.status:821: creating Makefile
config.status:821: creating doc/Makefile
config.status:821: creating scripts/Makefile
config.status:821: creating src/Makefile
config.status:821: creating src/adapt/Makefile
config.status:821: creating src/datstr/Makefile
config.status:821: creating src/geoflow/Makefile
config.status:821: creating src/gisapi/Makefile
config.status:821: creating src/header/Makefile
config.status:821: creating src/main/Makefile
config.status:821: creating src/preproc/Makefile
config.status:821: creating src/repartition/Makefile
config.status:821: creating src/stochastic/Makefile
config.status:821: creating src/tecplot/Makefile
config.status:821: creating src/useful/Makefile
config.status:821: creating src/vectordatapreproc/Makefile
config.status:821: creating config.h
config.status:1095: executing depfiles commands

## ---------------- ##
## Cache variables. ##
## ---------------- ##

ac_cv_build=x86_64-unknown-linux-gnu
ac_cv_c_compiler_gnu=yes
ac_cv_c_const=yes
ac_cv_c_inline=inline
ac_cv_cxx_compiler_gnu=yes
ac_cv_env_CCC_set=
ac_cv_env_CCC_value=
ac_cv_env_CC_set=set
ac_cv_env_CC_value=mpicc
ac_cv_env_CFLAGS_set=set
ac_cv_env_CFLAGS_value=-DH5_USE_16_API
ac_cv_env_CPPFLAGS_set=
ac_cv_env_CPPFLAGS_value=
ac_cv_env_CPP_set=
ac_cv_env_CPP_value=
ac_cv_env_CXXCPP_set=
ac_cv_env_CXXCPP_value=
ac_cv_env_CXXFLAGS_set=set
ac_cv_env_CXXFLAGS_value=-DH5_USE_16_API
ac_cv_env_CXX_set=set
ac_cv_env_CXX_value=mpicxx
ac_cv_env_F77_set=
ac_cv_env_F77_value=
ac_cv_env_FFLAGS_set=
ac_cv_env_FFLAGS_value=
ac_cv_env_LDFLAGS_set=
ac_cv_env_LDFLAGS_value=
ac_cv_env_LIBS_set=
ac_cv_env_LIBS_value=
ac_cv_env_build_alias_set=
ac_cv_env_build_alias_value=
ac_cv_env_host_alias_set=
ac_cv_env_host_alias_value=
ac_cv_env_target_alias_set=
ac_cv_env_target_alias_value=
ac_cv_f77_compiler_gnu=yes
ac_cv_f77_libs=' -L/usr/lib/gcc/x86_64-redhat-linux/4.4.7 -L/usr/lib/gcc/x86_64-redhat-linux/4.4.7/../../../../lib64 -L/lib/../lib64 -L/usr/lib/../lib64 -L/usr/lib/gcc/x86_64-redhat-linux/4.4.7/../../.. -lgfortranbegin -lgfortran -lm'
ac_cv_func_floor=yes
ac_cv_func_pow=yes
ac_cv_func_sqrt=yes
ac_cv_func_strchr=yes
ac_cv_func_strdup=yes
ac_cv_header_hdf5_h=yes
ac_cv_header_limits_h=yes
ac_cv_header_malloc_h=yes
ac_cv_header_mpi_h=yes
ac_cv_header_stdbool_h=yes
ac_cv_header_stdc=no
ac_cv_header_stdlib_h=yes
ac_cv_header_string_h=yes
ac_cv_header_sys_types_h_makedev=yes
ac_cv_host=x86_64-unknown-linux-gnu
ac_cv_lib_gis_G_gisinit=no
ac_cv_lib_hdf5_H5open=yes
ac_cv_lib_m_matherr=yes
ac_cv_lib_nsl_inet_ntoa=yes
ac_cv_lib_pthread_pthread_create=yes
ac_cv_lib_z_gzread=yes
ac_cv_objext=o
ac_cv_path_install='/usr/bin/install -c'
ac_cv_path_mkdir=/bin/mkdir
ac_cv_prog_AWK=gawk
ac_cv_prog_CPP='mpicc -E'
ac_cv_prog_GDAL_CONFIG=no
ac_cv_prog_ac_ct_CC=mpicc
ac_cv_prog_ac_ct_F77=gfortran
ac_cv_prog_ac_ct_RANLIB=ranlib
ac_cv_prog_cc_c89=
ac_cv_prog_cc_g=yes
ac_cv_prog_cxx_g=yes
ac_cv_prog_f77_g=yes
ac_cv_prog_f77_v=-v
ac_cv_prog_make_make_set=yes
ac_cv_sys_file_offset_bits=no
ac_cv_sys_largefile_CC=no
ac_cv_type__Bool=no
ac_cv_type_size_t=yes
am_cv_CC_dependencies_compiler_type=gcc3
am_cv_CXX_dependencies_compiler_type=gcc3

## ----------------- ##
## Output variables. ##
## ----------------- ##

ACLOCAL='${SHELL} /eng/home/haghakha/Downloads/titan-3.0.0/missing --run aclocal-1.11'
AMDEPBACKSLASH='\'
AMDEP_FALSE='#'
AMDEP_TRUE=''
AMTAR='${SHELL} /eng/home/haghakha/Downloads/titan-3.0.0/missing --run tar'
AUTOCONF='${SHELL} /eng/home/haghakha/Downloads/titan-3.0.0/missing --run autoconf'
AUTOHEADER='${SHELL} /eng/home/haghakha/Downloads/titan-3.0.0/missing --run autoheader'
AUTOMAKE='${SHELL} /eng/home/haghakha/Downloads/titan-3.0.0/missing --run automake-1.11'
AWK='gawk'
BUILD_HDF5_FALSE='#'
BUILD_HDF5_TRUE=''
CC='mpicc'
CCDEPMODE='depmode=gcc3'
CFLAGS='-DH5_USE_16_API -w -g -O2'
CPP='mpicc -E'
CPPFLAGS=' '
CXX='mpicxx'
CXXCPP=''
CXXDEPMODE='depmode=gcc3'
CXXFLAGS='-DH5_USE_16_API -w -g -O2 -DMPICH_IGNORE_CXX_SEEK'
CYGPATH_W='echo'
DEFS='-DHAVE_CONFIG_H'
DEPDIR='.deps'
ECHO_C=''
ECHO_N='-n'
ECHO_T=''
EGREP=''
EXEEXT=''
F77='gfortran'
FFLAGS='-g -O2'
FLIBS=' -L/usr/lib/gcc/x86_64-redhat-linux/4.4.7 -L/usr/lib/gcc/x86_64-redhat-linux/4.4.7/../../../../lib64 -L/lib/../lib64 -L/usr/lib/../lib64 -L/usr/lib/gcc/x86_64-redhat-linux/4.4.7/../../.. -lgfortranbegin -lgfortran -lm'
GDAL_CONFIG='no'
GREP=''
INSTALL_DATA='${INSTALL} -m 644'
INSTALL_PROGRAM='${INSTALL}'
INSTALL_SCRIPT='${INSTALL}'
INSTALL_STRIP_PROGRAM='$(install_sh) -c -s'
LDFLAGS=' '
LIBOBJS=''
LIBS='-lnsl -lm -lhdf5 -lz -lpthread '
LN_S='ln -s'
LTLIBOBJS=''
MAKEINFO='${SHELL} /eng/home/haghakha/Downloads/titan-3.0.0/missing --run makeinfo'
MKDIR_P='/bin/mkdir -p'
OBJEXT='o'
PACKAGE='titan'
PACKAGE_BUGREPORT=''
PACKAGE_NAME='titan'
PACKAGE_STRING='titan 3.0.0'
PACKAGE_TARNAME='titan'
PACKAGE_VERSION='3.0.0'
PATH_SEPARATOR=':'
RANLIB='ranlib'
SET_MAKE=''
SHELL='/bin/sh'
STRIP=''
VERSION='3.0.0'
WITH_GDAL_FALSE=''
WITH_GDAL_TRUE='#'
ac_ct_CC='mpicc'
ac_ct_CXX=''
ac_ct_F77='gfortran'
am__EXEEXT_FALSE=''
am__EXEEXT_TRUE='#'
am__fastdepCC_FALSE='#'
am__fastdepCC_TRUE=''
am__fastdepCXX_FALSE='#'
am__fastdepCXX_TRUE=''
am__include='include'
am__isrc=''
am__leading_dot='.'
am__quote=''
am__tar='${AMTAR} chof - "$$tardir"'
am__untar='${AMTAR} xf -'
bindir='${exec_prefix}/bin'
build='x86_64-unknown-linux-gnu'
build_alias=''
build_cpu='x86_64'
build_os='linux-gnu'
build_vendor='unknown'
datadir='${datarootdir}'
datarootdir='${prefix}/share'
docdir='${datarootdir}/doc/${PACKAGE_TARNAME}'
dvidir='${docdir}'
exec_prefix='${prefix}'
host='x86_64-unknown-linux-gnu'
host_alias=''
host_cpu='x86_64'
host_os='linux-gnu'
host_vendor='unknown'
htmldir='${docdir}'
includedir='${prefix}/include'
infodir='${datarootdir}/info'
install_sh='${SHELL} /eng/home/haghakha/Downloads/titan-3.0.0/install-sh'
libdir='${exec_prefix}/lib'
libexecdir='${exec_prefix}/libexec'
localedir='${datarootdir}/locale'
localstatedir='${prefix}/var'
mandir='${datarootdir}/man'
mkdir_p='/bin/mkdir -p'
oldincludedir='/usr/include'
pdfdir='${docdir}'
prefix='/eng/home/haghakha/Downloads/titan-3.0.0'
program_transform_name='s,x,x,'
psdir='${docdir}'
sbindir='${exec_prefix}/sbin'
sharedstatedir='${prefix}/com'
sysconfdir='${prefix}/etc'
target_alias=''

## ----------- ##
## confdefs.h. ##
## ----------- ##

#define PACKAGE_NAME "titan"
#define PACKAGE_TARNAME "titan"
#define PACKAGE_VERSION "3.0.0"
#define PACKAGE_STRING "titan 3.0.0"
#define PACKAGE_BUGREPORT ""
#define PACKAGE "titan"
#define VERSION "3.0.0"
#define HAVE_LIBPTHREAD 1
#define HAVE_LIBZ 1
#define HAVE_LIBHDF5 1
#define HAVE_GDAL 0
#define HAVE_LIBM 1
#define HAVE_LIBNSL 1
#define HAVE_LIMITS_H 1
#define HAVE_MALLOC_H 1
#define HAVE_STDLIB_H 1
#define HAVE_STRING_H 1
#define HAVE_MPI_H 1
#define HAVE_HDF5_H 1
#define HAVE_STDBOOL_H 1
#define HAVE_FLOOR 1
#define HAVE_POW 1
#define HAVE_SQRT 1
#define HAVE_STRCHR 1
#define HAVE_STRDUP 1

configure: exit 0
